d:\学习\大二上学习\数据结构\作业\实验2材料\2014013431_李书昂_实验二\src\finalproject\finalproject\debug\vc120.pdb
d:\学习\大二上学习\数据结构\作业\实验2材料\2014013431_李书昂_实验二\src\finalproject\finalproject\debug\vc120.idb
d:\学习\大二上学习\数据结构\作业\实验2材料\2014013431_李书昂_实验二\src\finalproject\finalproject\debug\btree.obj
d:\学习\大二上学习\数据结构\作业\实验2材料\2014013431_李书昂_实验二\src\finalproject\finalproject\debug\btreetemplate.obj
d:\学习\大二上学习\数据结构\作业\实验2材料\2014013431_李书昂_实验二\src\finalproject\finalproject\debug\charstring.obj
d:\学习\大二上学习\数据结构\作业\实验2材料\2014013431_李书昂_实验二\src\finalproject\finalproject\debug\charstringlink.obj
d:\学习\大二上学习\数据结构\作业\实验2材料\2014013431_李书昂_实验二\src\finalproject\finalproject\debug\dictionary.obj
d:\学习\大二上学习\数据结构\作业\实验2材料\2014013431_李书昂_实验二\src\finalproject\finalproject\debug\document.obj
d:\学习\大二上学习\数据结构\作业\实验2材料\2014013431_李书昂_实验二\src\finalproject\finalproject\debug\html.obj
d:\学习\大二上学习\数据结构\作业\实验2材料\2014013431_李书昂_实验二\src\finalproject\finalproject\debug\main.obj
d:\学习\大二上学习\数据结构\作业\实验2材料\2014013431_李书昂_实验二\src\finalproject\finalproject\debug\song.obj
d:\学习\大二上学习\数据结构\作业\实验2材料\2014013431_李书昂_实验二\src\finalproject\finalproject\debug\stack.obj
d:\学习\大二上学习\数据结构\作业\实验2材料\2014013431_李书昂_实验二\src\finalproject\finalproject\debug\wordnode.obj
d:\学习\大二上学习\数据结构\作业\实验2材料\2014013431_李书昂_实验二\src\finalproject\finalproject\debug\socket.obj
d:\学习\大二上学习\数据结构\作业\实验2材料\2014013431_李书昂_实验二\src\finalproject\debug\finalproject.ilk
d:\学习\大二上学习\数据结构\作业\实验2材料\2014013431_李书昂_实验二\src\finalproject\debug\finalproject.exe
d:\学习\大二上学习\数据结构\作业\实验2材料\2014013431_李书昂_实验二\src\finalproject\debug\finalproject.pdb
d:\学习\大二上学习\数据结构\作业\实验2材料\2014013431_李书昂_实验二\src\finalproject\finalproject\debug\finalproject.tlog\cl.command.1.tlog
d:\学习\大二上学习\数据结构\作业\实验2材料\2014013431_李书昂_实验二\src\finalproject\finalproject\debug\finalproject.tlog\cl.read.1.tlog
d:\学习\大二上学习\数据结构\作业\实验2材料\2014013431_李书昂_实验二\src\finalproject\finalproject\debug\finalproject.tlog\cl.write.1.tlog
d:\学习\大二上学习\数据结构\作业\实验2材料\2014013431_李书昂_实验二\src\finalproject\finalproject\debug\finalproject.tlog\link-cvtres.read.1.tlog
d:\学习\大二上学习\数据结构\作业\实验2材料\2014013431_李书昂_实验二\src\finalproject\finalproject\debug\finalproject.tlog\link-cvtres.write.1.tlog
d:\学习\大二上学习\数据结构\作业\实验2材料\2014013431_李书昂_实验二\src\finalproject\finalproject\debug\finalproject.tlog\link-rc.read.1.tlog
d:\学习\大二上学习\数据结构\作业\实验2材料\2014013431_李书昂_实验二\src\finalproject\finalproject\debug\finalproject.tlog\link-rc.write.1.tlog
d:\学习\大二上学习\数据结构\作业\实验2材料\2014013431_李书昂_实验二\src\finalproject\finalproject\debug\finalproject.tlog\link.6188-cvtres.read.1.tlog
d:\学习\大二上学习\数据结构\作业\实验2材料\2014013431_李书昂_实验二\src\finalproject\finalproject\debug\finalproject.tlog\link.6188-cvtres.write.1.tlog
d:\学习\大二上学习\数据结构\作业\实验2材料\2014013431_李书昂_实验二\src\finalproject\finalproject\debug\finalproject.tlog\link.6188-rc.read.1.tlog
d:\学习\大二上学习\数据结构\作业\实验2材料\2014013431_李书昂_实验二\src\finalproject\finalproject\debug\finalproject.tlog\link.6188-rc.write.1.tlog
d:\学习\大二上学习\数据结构\作业\实验2材料\2014013431_李书昂_实验二\src\finalproject\finalproject\debug\finalproject.tlog\link.6188.read.1.tlog
d:\学习\大二上学习\数据结构\作业\实验2材料\2014013431_李书昂_实验二\src\finalproject\finalproject\debug\finalproject.tlog\link.6188.write.1.tlog
d:\学习\大二上学习\数据结构\作业\实验2材料\2014013431_李书昂_实验二\src\finalproject\finalproject\debug\finalproject.tlog\link.command.1.tlog
d:\学习\大二上学习\数据结构\作业\实验2材料\2014013431_李书昂_实验二\src\finalproject\finalproject\debug\finalproject.tlog\link.read.1.tlog
d:\学习\大二上学习\数据结构\作业\实验2材料\2014013431_李书昂_实验二\src\finalproject\finalproject\debug\finalproject.tlog\link.write.1.tlog
