d:\学习\大二上学习\数据结构\作业\实验2材料\2014013431_李书昂_实验二\src\finalproject\finalproject\release\vc120.pdb
d:\学习\大二上学习\数据结构\作业\实验2材料\2014013431_李书昂_实验二\src\finalproject\finalproject\release\wordnode.obj
d:\学习\大二上学习\数据结构\作业\实验2材料\2014013431_李书昂_实验二\src\finalproject\finalproject\release\stack.obj
d:\学习\大二上学习\数据结构\作业\实验2材料\2014013431_李书昂_实验二\src\finalproject\finalproject\release\song.obj
d:\学习\大二上学习\数据结构\作业\实验2材料\2014013431_李书昂_实验二\src\finalproject\finalproject\release\main.obj
d:\学习\大二上学习\数据结构\作业\实验2材料\2014013431_李书昂_实验二\src\finalproject\finalproject\release\html.obj
d:\学习\大二上学习\数据结构\作业\实验2材料\2014013431_李书昂_实验二\src\finalproject\finalproject\release\document.obj
d:\学习\大二上学习\数据结构\作业\实验2材料\2014013431_李书昂_实验二\src\finalproject\finalproject\release\dictionary.obj
d:\学习\大二上学习\数据结构\作业\实验2材料\2014013431_李书昂_实验二\src\finalproject\finalproject\release\charstringlink.obj
d:\学习\大二上学习\数据结构\作业\实验2材料\2014013431_李书昂_实验二\src\finalproject\finalproject\release\charstring.obj
d:\学习\大二上学习\数据结构\作业\实验2材料\2014013431_李书昂_实验二\src\finalproject\finalproject\release\btree.obj
d:\学习\大二上学习\数据结构\作业\实验2材料\2014013431_李书昂_实验二\src\finalproject\finalproject\release\btreetemplate.obj
d:\学习\大二上学习
d:\学习\大二上学习\数据结构\作业\实验2材料\2014013431_李书昂_实验二\src\finalproject\release\finalproject.exe
d:\学习\大二上学习\数据结构\作业\实验2材料\2014013431_李书昂_实验二\src\finalproject\release\finalproject.pdb
d:\学习\大二上学习\数据结构\作业\实验2材料\2014013431_李书昂_实验二\src\finalproject\finalproject\release\finalproject.tlog\cl.command.1.tlog
d:\学习\大二上学习\数据结构\作业\实验2材料\2014013431_李书昂_实验二\src\finalproject\finalproject\release\finalproject.tlog\cl.read.1.tlog
d:\学习\大二上学习\数据结构\作业\实验2材料\2014013431_李书昂_实验二\src\finalproject\finalproject\release\finalproject.tlog\cl.write.1.tlog
d:\学习\大二上学习\数据结构\作业\实验2材料\2014013431_李书昂_实验二\src\finalproject\finalproject\release\finalproject.tlog\link.command.1.tlog
d:\学习\大二上学习\数据结构\作业\实验2材料\2014013431_李书昂_实验二\src\finalproject\finalproject\release\finalproject.tlog\link.read.1.tlog
d:\学习\大二上学习\数据结构\作业\实验2材料\2014013431_李书昂_实验二\src\finalproject\finalproject\release\finalproject.tlog\link.write.1.tlog
